[00:00:27] [Server thread/INFO]: [jinjin98: kwksy98의 게임 모드를 서바이벌 모드로 설정했습니다]
[00:00:27] [Render thread/INFO]: [System] [CHAT] kwksy98의 게임 모드를 서바이벌 모드로 설정했습니다
[00:06:42] [Server thread/INFO]: [jinjin98: kwksy98의 게임 모드를 크리에이티브 모드로 설정했습니다]
[00:06:42] [Render thread/INFO]: [System] [CHAT] kwksy98의 게임 모드를 크리에이티브 모드로 설정했습니다
[00:08:38] [Server thread/INFO]: [jinjin98: 시간을 1000(으)로 설정했습니다]
[00:08:38] [Render thread/INFO]: [System] [CHAT] 시간을 1000(으)로 설정했습니다
[00:14:03] [Render thread/INFO]: Loaded 515 advancements
[00:18:16] [Server thread/INFO]: [jinjin98: 시간을 1000(으)로 설정했습니다]
[00:18:16] [Render thread/INFO]: [System] [CHAT] 시간을 1000(으)로 설정했습니다
[00:18:25] [Server thread/INFO]: [jinjin98: kwksy98의 게임 모드를 서바이벌 모드로 설정했습니다]
[00:18:25] [Render thread/INFO]: [System] [CHAT] kwksy98의 게임 모드를 서바이벌 모드로 설정했습니다
[00:27:40] [Server thread/INFO]: [jinjin98: 시간을 1000(으)로 설정했습니다]
[00:27:40] [Render thread/INFO]: [System] [CHAT] 시간을 1000(으)로 설정했습니다
[00:37:15] [Server thread/INFO]: [jinjin98: 시간을 1000(으)로 설정했습니다]
[00:37:15] [Render thread/INFO]: [System] [CHAT] 시간을 1000(으)로 설정했습니다
[00:47:01] [Server thread/INFO]: [jinjin98: 시간을 1000(으)로 설정했습니다]
[00:47:01] [Render thread/INFO]: [System] [CHAT] 시간을 1000(으)로 설정했습니다
[00:51:56] [Server thread/INFO]: [jinjin98: 날씨를 맑음으로 설정했습니다]
[00:51:56] [Render thread/INFO]: [System] [CHAT] 날씨를 맑음으로 설정했습니다
[00:52:30] [Server thread/INFO]: [jinjin98: 자신의 게임 모드를 크리에이티브 모드로 설정했습니다]
[00:52:30] [Render thread/INFO]: [System] [CHAT] 자신의 게임 모드를 크리에이티브 모드로 설정했습니다
[00:52:34] [Server thread/INFO]: [jinjin98: kwksy98의 게임 모드를 크리에이티브 모드로 설정했습니다]
[00:52:34] [Render thread/INFO]: [System] [CHAT] kwksy98의 게임 모드를 크리에이티브 모드로 설정했습니다
[00:54:04] [Server thread/INFO]: [jinjin98: 자신의 게임 모드를 서바이벌 모드로 설정했습니다]
[00:54:04] [Render thread/INFO]: [System] [CHAT] 자신의 게임 모드를 서바이벌 모드로 설정했습니다
[00:56:53] [Server thread/INFO]: [jinjin98: 시간을 1000(으)로 설정했습니다]
[00:56:53] [Render thread/INFO]: [System] [CHAT] 시간을 1000(으)로 설정했습니다
[00:58:26] [Server thread/INFO]: [jinjin98: 자신의 게임 모드를 크리에이티브 모드로 설정했습니다]
[00:58:26] [Render thread/INFO]: [System] [CHAT] 자신의 게임 모드를 크리에이티브 모드로 설정했습니다
[01:01:10] [Server thread/INFO]: [jinjin98: kwksy98의 게임 모드를 서바이벌 모드로 설정했습니다]
[01:01:10] [Render thread/INFO]: [System] [CHAT] kwksy98의 게임 모드를 서바이벌 모드로 설정했습니다
[01:01:16] [Server thread/INFO]: [jinjin98: kwksy98의 게임 모드를 크리에이티브 모드로 설정했습니다]
[01:01:16] [Render thread/INFO]: [System] [CHAT] kwksy98의 게임 모드를 크리에이티브 모드로 설정했습니다
[01:01:22] [Server thread/INFO]: [jinjin98: 자신의 게임 모드를 서바이벌 모드로 설정했습니다]
[01:01:22] [Render thread/INFO]: [System] [CHAT] 자신의 게임 모드를 서바이벌 모드로 설정했습니다
[01:06:16] [Server thread/INFO]: [jinjin98: 시간을 1000(으)로 설정했습니다]
[01:06:16] [Render thread/INFO]: [System] [CHAT] 시간을 1000(으)로 설정했습니다
[01:06:22] [Render thread/INFO]: Loaded 515 advancements
[01:06:50] [Server thread/INFO]: [jinjin98: 자신의 게임 모드를 크리에이티브 모드로 설정했습니다]
[01:06:50] [Render thread/INFO]: [System] [CHAT] 자신의 게임 모드를 크리에이티브 모드로 설정했습니다
[01:15:48] [Server thread/INFO]: [jinjin98: 시간을 1000(으)로 설정했습니다]
[01:15:48] [Render thread/INFO]: [System] [CHAT] 시간을 1000(으)로 설정했습니다
[01:25:31] [Server thread/INFO]: [jinjin98: 시간을 1000(으)로 설정했습니다]
[01:25:31] [Render thread/INFO]: [System] [CHAT] 시간을 1000(으)로 설정했습니다
[01:35:31] [Server thread/INFO]: [jinjin98: 시간을 1000(으)로 설정했습니다]
[01:35:31] [Render thread/INFO]: [System] [CHAT] 시간을 1000(으)로 설정했습니다
[01:36:04] [Render thread/WARN]: Received passengers for unknown entity
[01:43:48] [Server thread/INFO]: [jinjin98: 날씨를 맑음으로 설정했습니다]
[01:43:48] [Render thread/INFO]: [System] [CHAT] 날씨를 맑음으로 설정했습니다
[01:43:52] [Server thread/INFO]: [jinjin98: 시간을 1000(으)로 설정했습니다]
[01:43:52] [Render thread/INFO]: [System] [CHAT] 시간을 1000(으)로 설정했습니다
[01:51:25] [Render thread/INFO]: Loaded 516 advancements
[01:53:04] [Server thread/INFO]: [jinjin98: 시간을 1000(으)로 설정했습니다]
[01:53:04] [Render thread/INFO]: [System] [CHAT] 시간을 1000(으)로 설정했습니다
[01:57:29] [Render thread/INFO]: Loaded 517 advancements
[02:00:13] [Render thread/INFO]: Loaded 519 advancements
[02:02:15] [Server thread/INFO]: [jinjin98: 자신의 게임 모드를 서바이벌 모드로 설정했습니다]
[02:02:15] [Render thread/INFO]: [System] [CHAT] 자신의 게임 모드를 서바이벌 모드로 설정했습니다
[02:02:38] [Server thread/INFO]: [jinjin98: 시간을 1000(으)로 설정했습니다]
[02:02:38] [Render thread/INFO]: [System] [CHAT] 시간을 1000(으)로 설정했습니다
[02:03:03] [Server thread/INFO]: [jinjin98: 자신의 게임 모드를 크리에이티브 모드로 설정했습니다]
[02:03:03] [Render thread/INFO]: [System] [CHAT] 자신의 게임 모드를 크리에이티브 모드로 설정했습니다
[02:12:36] [Server thread/INFO]: [jinjin98: 시간을 1000(으)로 설정했습니다]
[02:12:36] [Render thread/INFO]: [System] [CHAT] 시간을 1000(으)로 설정했습니다
[02:15:16] [Server thread/INFO]: [jinjin98: kwksy98의 게임 모드를 서바이벌 모드로 설정했습니다]
[02:15:16] [Render thread/INFO]: [System] [CHAT] kwksy98의 게임 모드를 서바이벌 모드로 설정했습니다
[02:15:22] [Server thread/INFO]: [jinjin98: 자신의 게임 모드를 서바이벌 모드로 설정했습니다]
[02:15:22] [Render thread/INFO]: [System] [CHAT] 자신의 게임 모드를 서바이벌 모드로 설정했습니다
[02:20:01] [Server thread/INFO]: [jinjin98: 자신의 게임 모드를 크리에이티브 모드로 설정했습니다]
[02:20:01] [Render thread/INFO]: [System] [CHAT] 자신의 게임 모드를 크리에이티브 모드로 설정했습니다
[02:20:15] [Server thread/INFO]: [jinjin98: kwksy98의 게임 모드를 크리에이티브 모드로 설정했습니다]
[02:20:15] [Render thread/INFO]: [System] [CHAT] kwksy98의 게임 모드를 크리에이티브 모드로 설정했습니다
[02:20:23] [Server thread/INFO]: [jinjin98: 자신의 게임 모드를 서바이벌 모드로 설정했습니다]
[02:20:23] [Server thread/INFO]: [jinjin98: kwksy98의 게임 모드를 서바이벌 모드로 설정했습니다]
[02:20:23] [Render thread/INFO]: [System] [CHAT] 자신의 게임 모드를 서바이벌 모드로 설정했습니다
[02:20:23] [Render thread/INFO]: [System] [CHAT] kwksy98의 게임 모드를 서바이벌 모드로 설정했습니다
[02:22:16] [Server thread/INFO]: [jinjin98: 시간을 1000(으)로 설정했습니다]
[02:22:16] [Render thread/INFO]: [System] [CHAT] 시간을 1000(으)로 설정했습니다
[02:25:33] [Server thread/INFO]: kwksy98 lost connection: 연결 끊김
[02:25:33] [Server thread/INFO]: kwksy98이(가) 게임을 떠났습니다
[02:25:33] [Render thread/INFO]: [System] [CHAT] kwksy98이(가) 게임을 떠났습니다
[02:25:35] [Render thread/INFO]: JEI StartEventObserver received class net.minecraftforge.client.event.ClientPlayerNetworkEvent$LoggingOut
[02:25:35] [Render thread/INFO]: JEI StartEventObserver transitioning state from JEI_STARTED to DISABLED
[02:25:35] [Render thread/INFO]: Stopping JEI
[02:25:35] [Render thread/INFO]: Sending Runtime Unavailable...
[02:25:35] [Render thread/INFO]: Stopping JEI GUI
[02:25:35] [Render thread/INFO]: Sending Runtime Unavailable took 8.150 ms
[02:25:35] [Server thread/INFO]: jinjin98 lost connection: 연결 끊김
[02:25:35] [Server thread/INFO]: jinjin98이(가) 게임을 떠났습니다
[02:25:35] [Server thread/INFO]: Stopping singleplayer server as player logged out
[02:25:35] [Server thread/INFO]: Stopping server
[02:25:35] [Server thread/INFO]: Saving players
[02:25:35] [Server thread/INFO]: Saving worlds
[02:25:35] [Server thread/INFO]: Saving chunks for level 'ServerLevel[햄찌는쮸야미다]'/minecraft:overworld
[02:25:36] [Server thread/INFO]: Saving chunks for level 'ServerLevel[햄찌는쮸야미다]'/minecraft:the_nether
[02:25:36] [Server thread/INFO]: Saving chunks for level 'ServerLevel[햄찌는쮸야미다]'/minecraft:the_end
[02:25:36] [Server thread/INFO]: ThreadedAnvilChunkStorage (쮸야미의햄찌여행기): All chunks are saved
[02:25:36] [Server thread/INFO]: ThreadedAnvilChunkStorage (DIM-1): All chunks are saved
[02:25:36] [Server thread/INFO]: ThreadedAnvilChunkStorage (DIM1): All chunks are saved
[02:25:36] [Server thread/INFO]: ThreadedAnvilChunkStorage: All dimensions are saved
[02:25:39] [Render thread/INFO]: Stopping!
